#
# A fatal error has been detected by the Java Runtime Environment:
#
#  Internal Error (javaClasses.cpp:126), pid=9828, tid=4852
#  fatal error: Invalid layout of preloaded class
#
# JRE version:  (8.0_31-b13) (build )
# Java VM: Java HotSpot(TM) 64-Bit Server VM (25.31-b07 mixed mode windows-amd64 compressed oops)
# Failed to write core dump. Minidumps are not enabled by default on client versions of Windows
#
# If you would like to submit a bug report, please visit:
#   http://bugreport.java.com/bugreport/crash.jsp
#

---------------  T H R E A D  ---------------

Current thread (0x000000000268f000):  JavaThread "Unknown thread" [_thread_in_vm, id=4852, stack(0x0000000002810000,0x0000000002910000)]

Stack: [0x0000000002810000,0x0000000002910000]
Native frames: (J=compiled Java code, j=interpreted, Vv=VM code, C=native code)
V  [jvm.dll+0x3169ba]
V  [jvm.dll+0x2674c3]
V  [jvm.dll+0x268103]
V  [jvm.dll+0x25f876]
V  [jvm.dll+0x5e443]
V  [jvm.dll+0x5e533]
V  [jvm.dll+0x72e9a]
V  [jvm.dll+0x73208]
V  [jvm.dll+0xe4997]
V  [jvm.dll+0xe4d26]
V  [jvm.dll+0x1fa057]
V  [jvm.dll+0x22b694]
V  [jvm.dll+0x14d8c1]
C  [javaw.exe+0x20c6]
C  [javaw.exe+0xc9eb]
C  [javaw.exe+0xca7f]
C  [kernel32.dll+0x159dd]
C  [ntdll.dll+0x2a651]


---------------  P R O C E S S  ---------------

Java Threads: ( => current thread )

Other Threads:

=>0x000000000268f000 (exited) JavaThread "Unknown thread" [_thread_in_vm, id=4852, stack(0x0000000002810000,0x0000000002910000)]

VM state:not at safepoint (not fully initialized)

VM Mutex/Monitor currently owned by a thread: None

GC Heap History (0 events):
No events

Deoptimization events (0 events):
No events

Internal exceptions (0 events):
No events

Events (10 events):
Event: 0.021 loading class java/lang/CharSequence done
Event: 0.021 loading class java/lang/String done
Event: 0.021 loading class java/lang/Class
Event: 0.021 loading class java/lang/reflect/AnnotatedElement
Event: 0.021 loading class java/lang/reflect/AnnotatedElement done
Event: 0.021 loading class java/lang/reflect/GenericDeclaration
Event: 0.021 loading class java/lang/reflect/GenericDeclaration done
Event: 0.021 loading class java/lang/reflect/Type
Event: 0.021 loading class java/lang/reflect/Type done
Event: 0.021 loading class java/lang/Class done


Dynamic libraries:
0x000000013fed0000 - 0x000000013ff04000 	C:\Program Files\Java\jre1.8.0_31\bin\javaw.exe
0x0000000077be0000 - 0x0000000077d89000 	C:\WINDOWS\SYSTEM32\ntdll.dll
0x0000000077460000 - 0x000000007757f000 	C:\WINDOWS\system32\kernel32.dll
0x000007fefe3c0000 - 0x000007fefe42b000 	C:\WINDOWS\system32\KERNELBASE.dll
0x000007fefeb90000 - 0x000007fefec6b000 	C:\WINDOWS\system32\ADVAPI32.dll
0x000007fefec70000 - 0x000007fefed0f000 	C:\WINDOWS\system32\msvcrt.dll
0x000007fefe590000 - 0x000007fefe5af000 	C:\WINDOWS\SYSTEM32\sechost.dll
0x000007fefe980000 - 0x000007fefeaad000 	C:\WINDOWS\system32\RPCRT4.dll
0x0000000077580000 - 0x000000007767a000 	C:\WINDOWS\system32\USER32.dll
0x000007feffcd0000 - 0x000007feffd37000 	C:\WINDOWS\system32\GDI32.dll
0x000007fefe860000 - 0x000007fefe86e000 	C:\WINDOWS\system32\LPK.dll
0x000007feffda0000 - 0x000007feffe69000 	C:\WINDOWS\system32\USP10.dll
0x000007fefd210000 - 0x000007fefd404000 	C:\WINDOWS\WinSxS\amd64_microsoft.windows.common-controls_6595b64144ccf1df_6.0.7601.18837_none_fa3b1e3d17594757\COMCTL32.dll
0x000007feffe70000 - 0x000007feffee1000 	C:\WINDOWS\system32\SHLWAPI.dll
0x000007fefe5b0000 - 0x000007fefe5de000 	C:\WINDOWS\system32\IMM32.DLL
0x000007fefe870000 - 0x000007fefe979000 	C:\WINDOWS\system32\MSCTF.dll
0x0000000068000000 - 0x000000006805a000 	C:\WINDOWS\system32\QIPCAP64.DLL
0x000007fefeab0000 - 0x000007fefeb87000 	C:\WINDOWS\system32\OLEAUT32.dll
0x000007fefed10000 - 0x000007fefef13000 	C:\WINDOWS\system32\ole32.dll
0x0000000180000000 - 0x00000001800ac000 	C:\Program Files\McAfee\Host Intrusion Prevention\HcApi.dll
0x0000000061d70000 - 0x0000000061d7b000 	C:\Program Files\McAfee\Host Intrusion Prevention\HcThe.dll
0x00000000537a0000 - 0x0000000053872000 	C:\Program Files\Java\jre1.8.0_31\bin\msvcr100.dll
0x000000006f860000 - 0x00000000700ba000 	C:\Program Files\Java\jre1.8.0_31\bin\server\jvm.dll
0x000007fef90d0000 - 0x000007fef90d9000 	C:\WINDOWS\system32\WSOCK32.dll
0x000007fefe4a0000 - 0x000007fefe4ed000 	C:\WINDOWS\system32\WS2_32.dll
0x000007fefe490000 - 0x000007fefe498000 	C:\WINDOWS\system32\NSI.dll
0x000007fefb3f0000 - 0x000007fefb42b000 	C:\WINDOWS\system32\WINMM.dll
0x0000000077da0000 - 0x0000000077da7000 	C:\WINDOWS\system32\PSAPI.DLL
0x0000000053a70000 - 0x0000000053a7f000 	C:\Program Files\Java\jre1.8.0_31\bin\verify.dll
0x0000000053a40000 - 0x0000000053a68000 	C:\Program Files\Java\jre1.8.0_31\bin\java.dll
0x0000000053a20000 - 0x0000000053a36000 	C:\Program Files\Java\jre1.8.0_31\bin\zip.dll
0x000007fef30c0000 - 0x000007fef31e5000 	C:\WINDOWS\system32\dbghelp.dll

VM Arguments:
jvm_args: -Dfile.encoding=Cp1252 -Xbootclasspath:C:\Users\kanusha\Downloads\adt-bundle-windows-x86_64-20140702\adt-bundle-windows-x86_64-20140702\sdk\platforms\android-21\android.jar 
java_command: qcom.tryandriod.TimericUpdate
java_class_path (initial): C:\Users\kanusha\workspace\Tryandriod\bin\classes;C:\Users\kanusha\workspace\appcompat_v7\libs\android-support-v4.jar;C:\Users\kanusha\workspace\appcompat_v7\libs\android-support-v7-appcompat.jar;C:\Users\kanusha\workspace\appcompat_v7\bin\appcompat_v7.jar;C:\Users\kanusha\Desktop\mail-1.4.7.jar
Launcher Type: SUN_STANDARD

Environment Variables:
PATH=C:/Program Files/Java/jre1.8.0_31/bin/server;C:/Program Files/Java/jre1.8.0_31/bin;C:/Program Files/Java/jre1.8.0_31/lib/amd64;C:\LSF_7.0\7.0\bin;C:\LSF_7.0\7.0\lib;C:\ProgramData\Oracle\Java\javapath;C:\Program Files (x86)\Java\jre1.8.0_25\bin;C:\Perl\bin\;C:\Python27\Scripts;C:\Python27\;C:\WINDOWS\system32;C:\WINDOWS;C:\WINDOWS\System32\Wbem;C:\WINDOWS\System32\WindowsPowerShell\v1.0\;C:\Program Files\Intel\WiFi\bin\;C:\Program Files\Common Files\Intel\WirelessCommon\;C:\Program Files (x86)\Qualcomm\PHMDB;C:\Program Files\ThinkPad\Bluetooth Software\;C:\Program Files\ThinkPad\Bluetooth Software\syswow64;C:\Program Files\MiKTeX 2.9\miktex\bin\x64\;C:\Users\kanusha\Desktop\latex\miktex\bin\x64\;C:\WINDOWS\System32\WindowsPowerShell\v1.0\;C:\Windows\fastboot_8939;;C:\Utils\Cygwin\bin;C:\Program Files (x86)\MySQL\MySQL Fabric 1.5.4 & MySQL Utilities 1.5.4 1.5\;C:\Program Files (x86)\MySQL\MySQL Fabric 1.5.4 & MySQL Utilities 1.5.4 1.5\Doctrine extensions for PHP\;C:\Users\kanusha\AppData\Local\Apps\2.0\PCDZ41XX.J76\5YGNNODH.47M\cras..tion_0000000000000000_0001.0004_28c280658071846e;C:\Users\kanusha\AppData\Roaming\Python\Scripts;C:\texlive\2013\bin\win32;C:\Program Files (x86)\Java\jdk1.8.0_25\bin\client\;C:\Users\kanusha\Downloads\adt-bundle-windows-x86_64-20140702\adt-bundle-windows-x86_64-20140702\eclipse;
USERNAME=kanusha
OS=Windows_NT
PROCESSOR_IDENTIFIER=Intel64 Family 6 Model 37 Stepping 2, GenuineIntel



---------------  S Y S T E M  ---------------

OS: Windows 7 , 64 bit Build 7601 Service Pack 1

CPU:total 4 (2 cores per cpu, 2 threads per core) family 6 model 37 stepping 2, cmov, cx8, fxsr, mmx, sse, sse2, sse3, ssse3, sse4.1, sse4.2, popcnt, aes, clmul, ht, tsc, tscinvbit

Memory: 4k page, physical 4050576k(342776k free), swap 8099292k(2318308k free)

vm_info: Java HotSpot(TM) 64-Bit Server VM (25.31-b07) for windows-amd64 JRE (1.8.0_31-b13), built on Dec 17 2014 21:00:28 by "java_re" with MS VC++ 10.0 (VS2010)

time: Sat Aug 01 16:56:41 2015
elapsed time: 0 seconds (0d 0h 0m 0s)

